# JRE version: OpenJDK Runtime Environment Temurin-17.0.7+7 (17.0.7+7) (build 17.0.7+7)
# Java VM: OpenJDK 64-Bit Server VM Temurin-17.0.7+7 (17.0.7+7, mixed mode, sharing, tiered, compressed oops, compressed class ptrs, g1 gc, windows-amd64)
GC Precious Log:
 CPUs: 8 total, 8 available
 Memory: 20313M
 Large Page Support: Disabled
 NUMA Support: Disabled
 Compressed Oops: Enabled (Zero based)
 Heap Region Size: 2M
 Heap Min Capacity: 512M
 Heap Initial Capacity: 512M
 Heap Max Capacity: 4072M
 Pre-touch: Disabled
 Parallel Workers: 8
 Concurrent Workers: 2
 Concurrent Refinement Workers: 8
 Periodic GC: Disabled
 String Deduplication is enabled
Heap:
 garbage-first heap   total 524288K, used 163473K [0x0000000701800000, 0x0000000800000000)
  region size 2048K, 34 young (69632K), 3 survivors (6144K)
 Metaspace       used 90254K, committed 90944K, reserved 1179648K
  class space    used 12493K, committed 12864K, reserved 1048576K
GC Heap History (20 events):
Event: 442.408 GC heap before
{Heap before GC invocations=62 (full 24):
 garbage-first heap   total 524288K, used 176280K [0x0000000701800000, 0x0000000800000000)
  region size 2048K, 40 young (81920K), 1 survivors (2048K)
 Metaspace       used 89348K, committed 90112K, reserved 1179648K
  class space    used 12418K, committed 12800K, reserved 1048576K
}
Event: 442.413 GC heap after
{Heap after GC invocations=63 (full 24):
 garbage-first heap   total 524288K, used 96939K [0x0000000701800000, 0x0000000800000000)
  region size 2048K, 1 young (2048K), 1 survivors (2048K)
 Metaspace       used 89348K, committed 90112K, reserved 1179648K
  class space    used 12418K, committed 12800K, reserved 1048576K
}
Event: 566.459 GC heap before
{Heap before GC invocations=63 (full 24):
 garbage-first heap   total 524288K, used 176811K [0x0000000701800000, 0x0000000800000000)
  region size 2048K, 40 young (81920K), 1 survivors (2048K)
 Metaspace       used 89419K, committed 90176K, reserved 1179648K
  class space    used 12429K, committed 12800K, reserved 1048576K
}
Event: 566.463 GC heap after
{Heap after GC invocations=64 (full 24):
 garbage-first heap   total 524288K, used 96993K [0x0000000701800000, 0x0000000800000000)
  region size 2048K, 1 young (2048K), 1 survivors (2048K)
 Metaspace       used 89419K, committed 90176K, reserved 1179648K
  class space    used 12429K, committed 12800K, reserved 1048576K
}
Event: 643.228 GC heap before
{Heap before GC invocations=64 (full 24):
 garbage-first heap   total 524288K, used 176865K [0x0000000701800000, 0x0000000800000000)
  region size 2048K, 40 young (81920K), 1 survivors (2048K)
 Metaspace       used 89433K, committed 90176K, reserved 1179648K
  class space    used 12429K, committed 12800K, reserved 1048576K
}
Event: 643.232 GC heap after
{Heap after GC invocations=65 (full 24):
 garbage-first heap   total 524288K, used 97020K [0x0000000701800000, 0x0000000800000000)
  region size 2048K, 1 young (2048K), 1 survivors (2048K)
 Metaspace       used 89433K, committed 90176K, reserved 1179648K
  class space    used 12429K, committed 12800K, reserved 1048576K
}
Event: 655.298 GC heap before
{Heap before GC invocations=65 (full 24):
 garbage-first heap   total 524288K, used 176892K [0x0000000701800000, 0x0000000800000000)
  region size 2048K, 40 young (81920K), 1 survivors (2048K)
 Metaspace       used 89540K, committed 90240K, reserved 1179648K
  class space    used 12429K, committed 12800K, reserved 1048576K
}
Event: 655.301 GC heap after
{Heap after GC invocations=66 (full 24):
 garbage-first heap   total 524288K, used 96714K [0x0000000701800000, 0x0000000800000000)
  region size 2048K, 1 young (2048K), 1 survivors (2048K)
 Metaspace       used 89540K, committed 90240K, reserved 1179648K
  class space    used 12429K, committed 12800K, reserved 1048576K
}
Event: 661.405 GC heap before
{Heap before GC invocations=66 (full 24):
 garbage-first heap   total 524288K, used 176586K [0x0000000701800000, 0x0000000800000000)
  region size 2048K, 40 young (81920K), 1 survivors (2048K)
 Metaspace       used 89624K, committed 90368K, reserved 1179648K
  class space    used 12429K, committed 12800K, reserved 1048576K
}
Event: 661.409 GC heap after
{Heap after GC invocations=67 (full 24):
 garbage-first heap   total 524288K, used 96742K [0x0000000701800000, 0x0000000800000000)
  region size 2048K, 1 young (2048K), 1 survivors (2048K)
 Metaspace       used 89624K, committed 90368K, reserved 1179648K
  class space    used 12429K, committed 12800K, reserved 1048576K
}
Event: 667.921 GC heap before
{Heap before GC invocations=67 (full 24):
 garbage-first heap   total 524288K, used 176614K [0x0000000701800000, 0x0000000800000000)
  region size 2048K, 40 young (81920K), 1 survivors (2048K)
 Metaspace       used 89722K, committed 90432K, reserved 1179648K
  class space    used 12432K, committed 12800K, reserved 1048576K
}
Event: 667.926 GC heap after
{Heap after GC invocations=68 (full 24):
 garbage-first heap   total 524288K, used 98225K [0x0000000701800000, 0x0000000800000000)
  region size 2048K, 2 young (4096K), 2 survivors (4096K)
 Metaspace       used 89722K, committed 90432K, reserved 1179648K
  class space    used 12432K, committed 12800K, reserved 1048576K
}
Event: 668.662 GC heap before
{Heap before GC invocations=68 (full 24):
 garbage-first heap   total 524288K, used 176049K [0x0000000701800000, 0x0000000800000000)
  region size 2048K, 40 young (81920K), 2 survivors (4096K)
 Metaspace       used 89857K, committed 90560K, reserved 1179648K
  class space    used 12441K, committed 12800K, reserved 1048576K
}
Event: 668.668 GC heap after
{Heap after GC invocations=69 (full 24):
 garbage-first heap   total 524288K, used 100334K [0x0000000701800000, 0x0000000800000000)
  region size 2048K, 3 young (6144K), 3 survivors (6144K)
 Metaspace       used 89857K, committed 90560K, reserved 1179648K
  class space    used 12441K, committed 12800K, reserved 1048576K
}
Event: 674.208 GC heap before
{Heap before GC invocations=69 (full 24):
 garbage-first heap   total 524288K, used 176110K [0x0000000701800000, 0x0000000800000000)
  region size 2048K, 40 young (81920K), 3 survivors (6144K)
 Metaspace       used 89895K, committed 90560K, reserved 1179648K
  class space    used 12441K, committed 12800K, reserved 1048576K
}
Event: 674.213 GC heap after
{Heap after GC invocations=70 (full 24):
 garbage-first heap   total 524288K, used 100959K [0x0000000701800000, 0x0000000800000000)
  region size 2048K, 3 young (6144K), 3 survivors (6144K)
 Metaspace       used 89895K, committed 90560K, reserved 1179648K
  class space    used 12441K, committed 12800K, reserved 1048576K
}
Event: 689.661 GC heap before
{Heap before GC invocations=70 (full 24):
 garbage-first heap   total 524288K, used 176735K [0x0000000701800000, 0x0000000800000000)
  region size 2048K, 40 young (81920K), 3 survivors (6144K)
 Metaspace       used 90153K, committed 90880K, reserved 1179648K
  class space    used 12490K, committed 12864K, reserved 1048576K
}
Event: 689.668 GC heap after
{Heap after GC invocations=71 (full 24):
 garbage-first heap   total 524288K, used 101796K [0x0000000701800000, 0x0000000800000000)
  region size 2048K, 3 young (6144K), 3 survivors (6144K)
 Metaspace       used 90153K, committed 90880K, reserved 1179648K
  class space    used 12490K, committed 12864K, reserved 1048576K
}
Event: 708.469 GC heap before
{Heap before GC invocations=71 (full 24):
 garbage-first heap   total 524288K, used 177572K [0x0000000701800000, 0x0000000800000000)
  region size 2048K, 40 young (81920K), 3 survivors (6144K)
 Metaspace       used 90221K, committed 90944K, reserved 1179648K
  class space    used 12493K, committed 12864K, reserved 1048576K
}
Event: 708.475 GC heap after
{Heap after GC invocations=72 (full 24):
 garbage-first heap   total 524288K, used 102033K [0x0000000701800000, 0x0000000800000000)
  region size 2048K, 3 young (6144K), 3 survivors (6144K)
 Metaspace       used 90221K, committed 90944K, reserved 1179648K
  class space    used 12493K, committed 12864K, reserved 1048576K
}

